{"contracts/Address.sol":{"l":{"42":0,"62":0,"67":0,"68":0,"96":0,"116":0,"135":0,"156":0,"160":0,"163":0,"183":0,"202":0,"203":0,"222":0,"241":0,"242":0,"263":0,"264":0,"267":0,"269":0,"271":0,"286":0,"287":0,"289":0,"298":0,"301":0,"306":0},"path":"/Users/ae0h/ae0hPro/encode_mev_hack/contracts/Address.sol","s":{"1":0,"2":0,"3":0,"4":0,"5":0,"6":0,"7":0,"8":0,"9":0,"10":0,"11":0,"12":0,"13":0,"14":0,"15":0,"16":0,"17":0,"18":0,"19":0,"20":0,"21":0,"22":0,"23":0,"24":0,"25":0,"26":0},"b":{"1":[0,0],"2":[0,0],"3":[0,0],"4":[0,0],"5":[0,0],"6":[0,0],"7":[0,0],"8":[0,0]},"f":{"1":0,"2":0,"3":0,"4":0,"5":0,"6":0,"7":0,"8":0,"9":0,"10":0,"11":0,"12":0,"13":0},"fnMap":{"1":{"name":"isContract","line":37,"loc":{"start":{"line":37,"column":4},"end":{"line":43,"column":4}}},"2":{"name":"sendValue","line":61,"loc":{"start":{"line":61,"column":4},"end":{"line":72,"column":4}}},"3":{"name":"functionCall","line":92,"loc":{"start":{"line":92,"column":4},"end":{"line":103,"column":4}}},"4":{"name":"functionCall","line":111,"loc":{"start":{"line":111,"column":4},"end":{"line":117,"column":4}}},"5":{"name":"functionCallWithValue","line":130,"loc":{"start":{"line":130,"column":4},"end":{"line":142,"column":4}}},"6":{"name":"functionCallWithValue","line":150,"loc":{"start":{"line":150,"column":4},"end":{"line":170,"column":4}}},"7":{"name":"functionStaticCall","line":178,"loc":{"start":{"line":178,"column":4},"end":{"line":189,"column":4}}},"8":{"name":"functionStaticCall","line":197,"loc":{"start":{"line":197,"column":4},"end":{"line":210,"column":4}}},"9":{"name":"functionDelegateCall","line":218,"loc":{"start":{"line":218,"column":4},"end":{"line":228,"column":4}}},"10":{"name":"functionDelegateCall","line":236,"loc":{"start":{"line":236,"column":4},"end":{"line":249,"column":4}}},"11":{"name":"verifyCallResultFromTarget","line":257,"loc":{"start":{"line":257,"column":4},"end":{"line":273,"column":4}}},"12":{"name":"verifyCallResult","line":281,"loc":{"start":{"line":281,"column":4},"end":{"line":291,"column":4}}},"13":{"name":"_revert","line":293,"loc":{"start":{"line":293,"column":4},"end":{"line":308,"column":4}}}},"statementMap":{"1":{"start":{"line":42,"column":8},"end":{"line":42,"column":38}},"2":{"start":{"line":62,"column":8},"end":{"line":62,"column":2532}},"3":{"start":{"line":67,"column":8},"end":{"line":67,"column":60}},"4":{"start":{"line":68,"column":8},"end":{"line":68,"column":2712}},"5":{"start":{"line":96,"column":8},"end":{"line":96,"column":3697}},"6":{"start":{"line":116,"column":8},"end":{"line":116,"column":67}},"7":{"start":{"line":135,"column":8},"end":{"line":135,"column":4833}},"8":{"start":{"line":156,"column":8},"end":{"line":156,"column":5456}},"9":{"start":{"line":160,"column":8},"end":{"line":160,"column":5582}},"10":{"start":{"line":163,"column":8},"end":{"line":163,"column":5691}},"11":{"start":{"line":183,"column":8},"end":{"line":183,"column":6179}},"12":{"start":{"line":202,"column":8},"end":{"line":202,"column":73}},"13":{"start":{"line":203,"column":8},"end":{"line":203,"column":6767}},"14":{"start":{"line":222,"column":8},"end":{"line":222,"column":7246}},"15":{"start":{"line":241,"column":8},"end":{"line":241,"column":75}},"16":{"start":{"line":242,"column":8},"end":{"line":242,"column":7839}},"17":{"start":{"line":263,"column":8},"end":{"line":263,"column":8499}},"18":{"start":{"line":264,"column":12},"end":{"line":264,"column":8530}},"19":{"start":{"line":267,"column":16},"end":{"line":267,"column":75}},"20":{"start":{"line":269,"column":12},"end":{"line":269,"column":29}},"21":{"start":{"line":271,"column":12},"end":{"line":271,"column":44}},"22":{"start":{"line":286,"column":8},"end":{"line":286,"column":9314}},"23":{"start":{"line":287,"column":12},"end":{"line":287,"column":29}},"24":{"start":{"line":289,"column":12},"end":{"line":289,"column":44}},"25":{"start":{"line":298,"column":8},"end":{"line":298,"column":9620}},"26":{"start":{"line":306,"column":12},"end":{"line":306,"column":31}}},"branchMap":{"1":{"line":62,"type":"if","locations":[{"start":{"line":62,"column":8},"end":{"line":62,"column":8}},{"start":{"line":62,"column":8},"end":{"line":62,"column":8}}]},"2":{"line":68,"type":"if","locations":[{"start":{"line":68,"column":8},"end":{"line":68,"column":8}},{"start":{"line":68,"column":8},"end":{"line":68,"column":8}}]},"3":{"line":156,"type":"if","locations":[{"start":{"line":156,"column":8},"end":{"line":156,"column":8}},{"start":{"line":156,"column":8},"end":{"line":156,"column":8}}]},"4":{"line":263,"type":"if","locations":[{"start":{"line":263,"column":8},"end":{"line":263,"column":8}},{"start":{"line":263,"column":8},"end":{"line":263,"column":8}}]},"5":{"line":264,"type":"if","locations":[{"start":{"line":264,"column":12},"end":{"line":264,"column":12}},{"start":{"line":264,"column":12},"end":{"line":264,"column":12}}]},"6":{"line":267,"type":"if","locations":[{"start":{"line":267,"column":16},"end":{"line":267,"column":16}},{"start":{"line":267,"column":16},"end":{"line":267,"column":16}}]},"7":{"line":286,"type":"if","locations":[{"start":{"line":286,"column":8},"end":{"line":286,"column":8}},{"start":{"line":286,"column":8},"end":{"line":286,"column":8}}]},"8":{"line":298,"type":"if","locations":[{"start":{"line":298,"column":8},"end":{"line":298,"column":8}},{"start":{"line":298,"column":8},"end":{"line":298,"column":8}}]}}},"contracts/Beacon.sol":{"l":{"13":0,"14":0,"15":0,"19":0,"20":0,"24":0},"path":"/Users/ae0h/ae0hPro/encode_mev_hack/contracts/Beacon.sol","s":{"1":0,"2":0,"3":0,"4":0,"5":0,"6":0},"b":{},"f":{"1":0,"2":0,"3":0},"fnMap":{"1":{"name":"constructor","line":12,"loc":{"start":{"line":12,"column":4},"end":{"line":16,"column":4}}},"2":{"name":"update","line":18,"loc":{"start":{"line":18,"column":4},"end":{"line":21,"column":4}}},"3":{"name":"implementation","line":23,"loc":{"start":{"line":23,"column":4},"end":{"line":25,"column":4}}}},"statementMap":{"1":{"start":{"line":13,"column":8},"end":{"line":13,"column":51}},"2":{"start":{"line":14,"column":8},"end":{"line":14,"column":33}},"3":{"start":{"line":15,"column":8},"end":{"line":15,"column":35}},"4":{"start":{"line":19,"column":8},"end":{"line":19,"column":40}},"5":{"start":{"line":20,"column":8},"end":{"line":20,"column":36}},"6":{"start":{"line":24,"column":8},"end":{"line":24,"column":38}}},"branchMap":{}},"contracts/BeaconProxy.sol":{"l":{"32":0,"39":0,"52":0,"66":0},"path":"/Users/ae0h/ae0hPro/encode_mev_hack/contracts/BeaconProxy.sol","s":{"1":0,"2":0,"3":0,"4":0},"b":{},"f":{"1":0,"2":0,"3":0,"4":0},"fnMap":{"1":{"name":"constructor","line":31,"loc":{"start":{"line":31,"column":4},"end":{"line":33,"column":4}}},"2":{"name":"_beacon","line":38,"loc":{"start":{"line":38,"column":4},"end":{"line":40,"column":4}}},"3":{"name":"_implementation","line":45,"loc":{"start":{"line":45,"column":4},"end":{"line":53,"column":4}}},"4":{"name":"_setBeacon","line":65,"loc":{"start":{"line":65,"column":4},"end":{"line":67,"column":4}}}},"statementMap":{"1":{"start":{"line":32,"column":8},"end":{"line":32,"column":51}},"2":{"start":{"line":39,"column":8},"end":{"line":39,"column":27}},"3":{"start":{"line":52,"column":8},"end":{"line":52,"column":53}},"4":{"start":{"line":66,"column":8},"end":{"line":66,"column":51}}},"branchMap":{}},"contracts/Context.sol":{"l":{"18":0,"22":0},"path":"/Users/ae0h/ae0hPro/encode_mev_hack/contracts/Context.sol","s":{"1":0,"2":0},"b":{},"f":{"1":0,"2":0},"fnMap":{"1":{"name":"_msgSender","line":17,"loc":{"start":{"line":17,"column":4},"end":{"line":19,"column":4}}},"2":{"name":"_msgData","line":21,"loc":{"start":{"line":21,"column":4},"end":{"line":23,"column":4}}}},"statementMap":{"1":{"start":{"line":18,"column":8},"end":{"line":18,"column":25}},"2":{"start":{"line":22,"column":8},"end":{"line":22,"column":23}}},"branchMap":{}},"contracts/draft-IERC1822.sol":{"l":{},"path":"/Users/ae0h/ae0hPro/encode_mev_hack/contracts/draft-IERC1822.sol","s":{},"b":{},"f":{},"fnMap":{},"statementMap":{},"branchMap":{}},"contracts/ERC1967Upgrade.sol":{"l":{"42":0,"49":0,"53":0,"64":0,"65":0,"78":0,"79":0,"80":0,"97":0,"98":0,"100":0,"103":0,"108":0,"110":0,"131":0,"138":0,"142":0,"151":0,"152":0,"171":0,"178":0,"182":0,"186":0,"200":0,"201":0,"202":0,"203":0},"path":"/Users/ae0h/ae0hPro/encode_mev_hack/contracts/ERC1967Upgrade.sol","s":{"1":0,"2":0,"3":0,"4":0,"5":0,"6":0,"7":0,"8":0,"9":0,"10":0,"11":0,"12":0,"13":0,"14":0,"15":0,"16":0,"17":0,"18":0,"19":0,"20":0,"21":0,"22":0,"23":0,"24":0,"25":0,"26":0,"27":0},"b":{"1":[0,0],"2":[0,0],"3":[0,0],"4":[0,0],"5":[0,0],"6":[0,0],"7":[0,0],"8":[0,0]},"f":{"1":0,"2":0,"3":0,"4":0,"5":0,"6":0,"7":0,"8":0,"9":0,"10":0,"11":0},"fnMap":{"1":{"name":"_getImplementation","line":41,"loc":{"start":{"line":41,"column":4},"end":{"line":43,"column":4}}},"2":{"name":"_setImplementation","line":48,"loc":{"start":{"line":48,"column":4},"end":{"line":56,"column":4}}},"3":{"name":"_upgradeTo","line":63,"loc":{"start":{"line":63,"column":4},"end":{"line":66,"column":4}}},"4":{"name":"_upgradeToAndCall","line":73,"loc":{"start":{"line":73,"column":4},"end":{"line":82,"column":4}}},"5":{"name":"_upgradeToAndCallUUPS","line":89,"loc":{"start":{"line":89,"column":4},"end":{"line":112,"column":4}}},"6":{"name":"_getAdmin","line":130,"loc":{"start":{"line":130,"column":4},"end":{"line":132,"column":4}}},"7":{"name":"_setAdmin","line":137,"loc":{"start":{"line":137,"column":4},"end":{"line":143,"column":4}}},"8":{"name":"_changeAdmin","line":150,"loc":{"start":{"line":150,"column":4},"end":{"line":153,"column":4}}},"9":{"name":"_getBeacon","line":170,"loc":{"start":{"line":170,"column":4},"end":{"line":172,"column":4}}},"10":{"name":"_setBeacon","line":177,"loc":{"start":{"line":177,"column":4},"end":{"line":187,"column":4}}},"11":{"name":"_upgradeBeaconToAndCall","line":195,"loc":{"start":{"line":195,"column":4},"end":{"line":208,"column":4}}}},"statementMap":{"1":{"start":{"line":42,"column":8},"end":{"line":42,"column":69}},"2":{"start":{"line":49,"column":8},"end":{"line":49,"column":1617}},"3":{"start":{"line":53,"column":8},"end":{"line":53,"column":1785}},"4":{"start":{"line":64,"column":8},"end":{"line":64,"column":44}},"5":{"start":{"line":65,"column":8},"end":{"line":65,"column":40}},"6":{"start":{"line":78,"column":8},"end":{"line":78,"column":36}},"7":{"start":{"line":79,"column":8},"end":{"line":79,"column":2432}},"8":{"start":{"line":80,"column":12},"end":{"line":80,"column":64}},"9":{"start":{"line":97,"column":8},"end":{"line":97,"column":3164}},"10":{"start":{"line":98,"column":12},"end":{"line":98,"column":48}},"11":{"start":{"line":100,"column":12},"end":{"line":100,"column":3304}},"12":{"start":{"line":103,"column":16},"end":{"line":103,"column":3436}},"13":{"start":{"line":108,"column":16},"end":{"line":108,"column":71}},"14":{"start":{"line":110,"column":12},"end":{"line":110,"column":64}},"15":{"start":{"line":131,"column":8},"end":{"line":131,"column":60}},"16":{"start":{"line":138,"column":8},"end":{"line":138,"column":4535}},"17":{"start":{"line":142,"column":8},"end":{"line":142,"column":63}},"18":{"start":{"line":151,"column":8},"end":{"line":151,"column":48}},"19":{"start":{"line":152,"column":8},"end":{"line":152,"column":26}},"20":{"start":{"line":171,"column":8},"end":{"line":171,"column":61}},"21":{"start":{"line":178,"column":8},"end":{"line":178,"column":5761}},"22":{"start":{"line":182,"column":8},"end":{"line":182,"column":5884}},"23":{"start":{"line":186,"column":8},"end":{"line":186,"column":65}},"24":{"start":{"line":200,"column":8},"end":{"line":200,"column":28}},"25":{"start":{"line":201,"column":8},"end":{"line":201,"column":38}},"26":{"start":{"line":202,"column":8},"end":{"line":202,"column":6619}},"27":{"start":{"line":203,"column":12},"end":{"line":203,"column":6671}}},"branchMap":{"1":{"line":49,"type":"if","locations":[{"start":{"line":49,"column":8},"end":{"line":49,"column":8}},{"start":{"line":49,"column":8},"end":{"line":49,"column":8}}]},"2":{"line":79,"type":"if","locations":[{"start":{"line":79,"column":8},"end":{"line":79,"column":8}},{"start":{"line":79,"column":8},"end":{"line":79,"column":8}}]},"3":{"line":97,"type":"if","locations":[{"start":{"line":97,"column":8},"end":{"line":97,"column":8}},{"start":{"line":97,"column":8},"end":{"line":97,"column":8}}]},"4":{"line":103,"type":"if","locations":[{"start":{"line":103,"column":16},"end":{"line":103,"column":16}},{"start":{"line":103,"column":16},"end":{"line":103,"column":16}}]},"5":{"line":138,"type":"if","locations":[{"start":{"line":138,"column":8},"end":{"line":138,"column":8}},{"start":{"line":138,"column":8},"end":{"line":138,"column":8}}]},"6":{"line":178,"type":"if","locations":[{"start":{"line":178,"column":8},"end":{"line":178,"column":8}},{"start":{"line":178,"column":8},"end":{"line":178,"column":8}}]},"7":{"line":182,"type":"if","locations":[{"start":{"line":182,"column":8},"end":{"line":182,"column":8}},{"start":{"line":182,"column":8},"end":{"line":182,"column":8}}]},"8":{"line":202,"type":"if","locations":[{"start":{"line":202,"column":8},"end":{"line":202,"column":8}},{"start":{"line":202,"column":8},"end":{"line":202,"column":8}}]}}},"contracts/ERC20.sol":{"l":{"61":0,"62":0,"63":0,"65":0,"66":0,"78":0,"80":0,"82":0,"90":0,"94":0,"95":0,"98":0,"100":0,"108":0,"110":0,"111":0,"113":0,"117":0,"118":0,"121":0,"123":0,"139":0,"143":0,"144":0,"168":0,"173":0,"176":0,"180":0,"187":0,"206":0,"210":0,"211":0,"214":0,"218":0,"222":0,"223":0,"226":0},"path":"/Users/ae0h/ae0hPro/encode_mev_hack/contracts/ERC20.sol","s":{"1":0,"2":0,"3":0,"4":0,"5":0,"6":0,"7":0,"8":0,"9":0,"10":0,"11":0,"12":0,"13":0,"14":0,"15":0,"16":0,"17":0,"18":0,"19":0,"20":0,"21":0,"22":0,"23":0,"24":0,"25":0,"26":0,"27":0,"28":0,"29":0,"30":0,"31":0,"32":0},"b":{"1":[0,0],"2":[0,0],"3":[0,0]},"f":{"1":0,"2":0,"3":0,"4":0,"5":0,"6":0,"7":0,"8":0,"9":0},"fnMap":{"1":{"name":"initializeERC20","line":56,"loc":{"start":{"line":56,"column":4},"end":{"line":67,"column":4}}},"2":{"name":"approve","line":73,"loc":{"start":{"line":73,"column":4},"end":{"line":83,"column":4}}},"3":{"name":"transfer","line":85,"loc":{"start":{"line":85,"column":4},"end":{"line":101,"column":4}}},"4":{"name":"transferFrom","line":103,"loc":{"start":{"line":103,"column":4},"end":{"line":124,"column":4}}},"5":{"name":"permit","line":130,"loc":{"start":{"line":130,"column":4},"end":{"line":177,"column":4}}},"6":{"name":"DOMAIN_SEPARATOR","line":179,"loc":{"start":{"line":179,"column":4},"end":{"line":184,"column":4}}},"7":{"name":"computeDomainSeparator","line":186,"loc":{"start":{"line":186,"column":4},"end":{"line":199,"column":4}}},"8":{"name":"_mint","line":205,"loc":{"start":{"line":205,"column":4},"end":{"line":215,"column":4}}},"9":{"name":"_burn","line":217,"loc":{"start":{"line":217,"column":4},"end":{"line":227,"column":4}}}},"statementMap":{"1":{"start":{"line":61,"column":8},"end":{"line":61,"column":19}},"2":{"start":{"line":62,"column":8},"end":{"line":62,"column":23}},"3":{"start":{"line":63,"column":8},"end":{"line":63,"column":27}},"4":{"start":{"line":65,"column":8},"end":{"line":65,"column":39}},"5":{"start":{"line":66,"column":8},"end":{"line":66,"column":58}},"6":{"start":{"line":78,"column":8},"end":{"line":78,"column":46}},"7":{"start":{"line":80,"column":8},"end":{"line":80,"column":50}},"8":{"start":{"line":82,"column":8},"end":{"line":82,"column":19}},"9":{"start":{"line":90,"column":8},"end":{"line":90,"column":38}},"10":{"start":{"line":95,"column":12},"end":{"line":95,"column":34}},"11":{"start":{"line":98,"column":8},"end":{"line":98,"column":45}},"12":{"start":{"line":100,"column":8},"end":{"line":100,"column":19}},"13":{"start":{"line":108,"column":8},"end":{"line":108,"column":53}},"14":{"start":{"line":110,"column":8},"end":{"line":110,"column":3450}},"15":{"start":{"line":111,"column":12},"end":{"line":111,"column":57}},"16":{"start":{"line":113,"column":8},"end":{"line":113,"column":32}},"17":{"start":{"line":118,"column":12},"end":{"line":118,"column":34}},"18":{"start":{"line":121,"column":8},"end":{"line":121,"column":39}},"19":{"start":{"line":123,"column":8},"end":{"line":123,"column":19}},"20":{"start":{"line":139,"column":8},"end":{"line":139,"column":70}},"21":{"start":{"line":144,"column":12},"end":{"line":144,"column":4399}},"22":{"start":{"line":168,"column":12},"end":{"line":168,"column":5245}},"23":{"start":{"line":173,"column":12},"end":{"line":173,"column":55}},"24":{"start":{"line":176,"column":8},"end":{"line":176,"column":44}},"25":{"start":{"line":180,"column":8},"end":{"line":180,"column":5612}},"26":{"start":{"line":187,"column":8},"end":{"line":187,"column":5818}},"27":{"start":{"line":206,"column":8},"end":{"line":206,"column":28}},"28":{"start":{"line":211,"column":12},"end":{"line":211,"column":34}},"29":{"start":{"line":214,"column":8},"end":{"line":214,"column":45}},"30":{"start":{"line":218,"column":8},"end":{"line":218,"column":32}},"31":{"start":{"line":223,"column":12},"end":{"line":223,"column":32}},"32":{"start":{"line":226,"column":8},"end":{"line":226,"column":47}}},"branchMap":{"1":{"line":110,"type":"if","locations":[{"start":{"line":110,"column":8},"end":{"line":110,"column":8}},{"start":{"line":110,"column":8},"end":{"line":110,"column":8}}]},"2":{"line":139,"type":"if","locations":[{"start":{"line":139,"column":8},"end":{"line":139,"column":8}},{"start":{"line":139,"column":8},"end":{"line":139,"column":8}}]},"3":{"line":168,"type":"if","locations":[{"start":{"line":168,"column":12},"end":{"line":168,"column":12}},{"start":{"line":168,"column":12},"end":{"line":168,"column":12}}]}}},"contracts/ERC4626.sol":{"l":{"46":0,"48":0,"61":0,"64":0,"66":0,"68":0,"70":0,"78":0,"81":0,"83":0,"85":0,"87":0,"95":0,"97":0,"98":0,"100":0,"101":0,"104":0,"106":0,"108":0,"110":0,"118":0,"119":0,"121":0,"122":0,"126":0,"128":0,"130":0,"132":0,"134":0,"149":0,"151":0,"160":0,"162":0,"171":0,"175":0,"177":0,"186":0,"188":0,"197":0,"205":0,"209":0,"213":0,"217":0},"path":"/Users/ae0h/ae0hPro/encode_mev_hack/contracts/ERC4626.sol","s":{"1":0,"2":0,"3":0,"4":0,"5":0,"6":0,"7":0,"8":0,"9":0,"10":0,"11":0,"12":0,"13":0,"14":0,"15":0,"16":0,"17":0,"18":0,"19":0,"20":0,"21":0,"22":0,"23":0,"24":0,"25":0,"26":0,"27":0,"28":0,"29":0,"30":0,"31":0,"32":0,"33":0,"34":0,"35":0,"36":0,"37":0,"38":0,"39":0,"40":0,"41":0,"42":0,"43":0,"44":0},"b":{"1":[0,0],"2":[0,0],"3":[0,0],"4":[0,0],"5":[0,0],"6":[0,0]},"f":{"1":0,"2":0,"3":0,"4":0,"5":0,"6":0,"7":0,"8":0,"9":0,"10":0,"11":0,"12":0,"13":0,"14":0,"15":0,"16":0,"17":0},"fnMap":{"1":{"name":"initializeERC4626","line":40,"loc":{"start":{"line":40,"column":4},"end":{"line":49,"column":4}}},"2":{"name":"deposit","line":55,"loc":{"start":{"line":55,"column":4},"end":{"line":71,"column":4}}},"3":{"name":"mint","line":73,"loc":{"start":{"line":73,"column":4},"end":{"line":88,"column":4}}},"4":{"name":"withdraw","line":90,"loc":{"start":{"line":90,"column":4},"end":{"line":111,"column":4}}},"5":{"name":"redeem","line":113,"loc":{"start":{"line":113,"column":4},"end":{"line":135,"column":4}}},"6":{"name":"convertToShares","line":143,"loc":{"start":{"line":143,"column":4},"end":{"line":152,"column":4}}},"7":{"name":"convertToAssets","line":154,"loc":{"start":{"line":154,"column":4},"end":{"line":163,"column":4}}},"8":{"name":"previewDeposit","line":165,"loc":{"start":{"line":165,"column":4},"end":{"line":172,"column":4}}},"9":{"name":"previewMint","line":174,"loc":{"start":{"line":174,"column":4},"end":{"line":178,"column":4}}},"10":{"name":"previewWithdraw","line":180,"loc":{"start":{"line":180,"column":4},"end":{"line":189,"column":4}}},"11":{"name":"previewRedeem","line":191,"loc":{"start":{"line":191,"column":4},"end":{"line":198,"column":4}}},"12":{"name":"maxDeposit","line":204,"loc":{"start":{"line":204,"column":4},"end":{"line":206,"column":4}}},"13":{"name":"maxMint","line":208,"loc":{"start":{"line":208,"column":4},"end":{"line":210,"column":4}}},"14":{"name":"maxWithdraw","line":212,"loc":{"start":{"line":212,"column":4},"end":{"line":214,"column":4}}},"15":{"name":"maxRedeem","line":216,"loc":{"start":{"line":216,"column":4},"end":{"line":218,"column":4}}},"16":{"name":"beforeWithdraw","line":224,"loc":{"start":{"line":224,"column":4},"end":{"line":224,"column":78}}},"17":{"name":"afterDeposit","line":226,"loc":{"start":{"line":226,"column":4},"end":{"line":226,"column":76}}}},"statementMap":{"1":{"start":{"line":46,"column":8},"end":{"line":46,"column":33}},"2":{"start":{"line":48,"column":8},"end":{"line":48,"column":49}},"3":{"start":{"line":61,"column":8},"end":{"line":61,"column":69}},"4":{"start":{"line":64,"column":8},"end":{"line":64,"column":64}},"5":{"start":{"line":66,"column":8},"end":{"line":66,"column":30}},"6":{"start":{"line":68,"column":8},"end":{"line":68,"column":58}},"7":{"start":{"line":70,"column":8},"end":{"line":70,"column":35}},"8":{"start":{"line":78,"column":8},"end":{"line":78,"column":35}},"9":{"start":{"line":81,"column":8},"end":{"line":81,"column":64}},"10":{"start":{"line":83,"column":8},"end":{"line":83,"column":30}},"11":{"start":{"line":85,"column":8},"end":{"line":85,"column":58}},"12":{"start":{"line":87,"column":8},"end":{"line":87,"column":35}},"13":{"start":{"line":95,"column":8},"end":{"line":95,"column":39}},"14":{"start":{"line":97,"column":8},"end":{"line":97,"column":2981}},"15":{"start":{"line":98,"column":12},"end":{"line":98,"column":58}},"16":{"start":{"line":100,"column":12},"end":{"line":100,"column":3172}},"17":{"start":{"line":101,"column":16},"end":{"line":101,"column":62}},"18":{"start":{"line":104,"column":8},"end":{"line":104,"column":37}},"19":{"start":{"line":106,"column":8},"end":{"line":106,"column":27}},"20":{"start":{"line":108,"column":8},"end":{"line":108,"column":66}},"21":{"start":{"line":110,"column":8},"end":{"line":110,"column":43}},"22":{"start":{"line":118,"column":8},"end":{"line":118,"column":3570}},"23":{"start":{"line":119,"column":12},"end":{"line":119,"column":58}},"24":{"start":{"line":121,"column":12},"end":{"line":121,"column":3761}},"25":{"start":{"line":122,"column":16},"end":{"line":122,"column":62}},"26":{"start":{"line":126,"column":8},"end":{"line":126,"column":68}},"27":{"start":{"line":128,"column":8},"end":{"line":128,"column":37}},"28":{"start":{"line":130,"column":8},"end":{"line":130,"column":27}},"29":{"start":{"line":132,"column":8},"end":{"line":132,"column":66}},"30":{"start":{"line":134,"column":8},"end":{"line":134,"column":43}},"31":{"start":{"line":149,"column":8},"end":{"line":149,"column":36}},"32":{"start":{"line":151,"column":8},"end":{"line":151,"column":78}},"33":{"start":{"line":160,"column":8},"end":{"line":160,"column":36}},"34":{"start":{"line":162,"column":8},"end":{"line":162,"column":78}},"35":{"start":{"line":171,"column":8},"end":{"line":171,"column":38}},"36":{"start":{"line":175,"column":8},"end":{"line":175,"column":36}},"37":{"start":{"line":177,"column":8},"end":{"line":177,"column":76}},"38":{"start":{"line":186,"column":8},"end":{"line":186,"column":36}},"39":{"start":{"line":188,"column":8},"end":{"line":188,"column":76}},"40":{"start":{"line":197,"column":8},"end":{"line":197,"column":38}},"41":{"start":{"line":205,"column":8},"end":{"line":205,"column":32}},"42":{"start":{"line":209,"column":8},"end":{"line":209,"column":32}},"43":{"start":{"line":213,"column":8},"end":{"line":213,"column":48}},"44":{"start":{"line":217,"column":8},"end":{"line":217,"column":31}}},"branchMap":{"1":{"line":61,"type":"if","locations":[{"start":{"line":61,"column":8},"end":{"line":61,"column":8}},{"start":{"line":61,"column":8},"end":{"line":61,"column":8}}]},"2":{"line":97,"type":"if","locations":[{"start":{"line":97,"column":8},"end":{"line":97,"column":8}},{"start":{"line":97,"column":8},"end":{"line":97,"column":8}}]},"3":{"line":100,"type":"if","locations":[{"start":{"line":100,"column":12},"end":{"line":100,"column":12}},{"start":{"line":100,"column":12},"end":{"line":100,"column":12}}]},"4":{"line":118,"type":"if","locations":[{"start":{"line":118,"column":8},"end":{"line":118,"column":8}},{"start":{"line":118,"column":8},"end":{"line":118,"column":8}}]},"5":{"line":121,"type":"if","locations":[{"start":{"line":121,"column":12},"end":{"line":121,"column":12}},{"start":{"line":121,"column":12},"end":{"line":121,"column":12}}]},"6":{"line":126,"type":"if","locations":[{"start":{"line":126,"column":8},"end":{"line":126,"column":8}},{"start":{"line":126,"column":8},"end":{"line":126,"column":8}}]}}},"contracts/FixedPointMathLib.sol":{"l":{"15":0,"19":0,"23":0,"27":0,"39":0,"63":0,"89":0,"177":0},"path":"/Users/ae0h/ae0hPro/encode_mev_hack/contracts/FixedPointMathLib.sol","s":{"1":0,"2":0,"3":0,"4":0},"b":{},"f":{"1":0,"2":0,"3":0,"4":0,"5":0,"6":0,"7":0,"8":0},"fnMap":{"1":{"name":"mulWadDown","line":14,"loc":{"start":{"line":14,"column":4},"end":{"line":16,"column":4}}},"2":{"name":"mulWadUp","line":18,"loc":{"start":{"line":18,"column":4},"end":{"line":20,"column":4}}},"3":{"name":"divWadDown","line":22,"loc":{"start":{"line":22,"column":4},"end":{"line":24,"column":4}}},"4":{"name":"divWadUp","line":26,"loc":{"start":{"line":26,"column":4},"end":{"line":28,"column":4}}},"5":{"name":"mulDivDown","line":34,"loc":{"start":{"line":34,"column":4},"end":{"line":56,"column":4}}},"6":{"name":"mulDivUp","line":58,"loc":{"start":{"line":58,"column":4},"end":{"line":82,"column":4}}},"7":{"name":"rpow","line":84,"loc":{"start":{"line":84,"column":4},"end":{"line":170,"column":4}}},"8":{"name":"sqrt","line":176,"loc":{"start":{"line":176,"column":4},"end":{"line":231,"column":4}}}},"statementMap":{"1":{"start":{"line":15,"column":8},"end":{"line":15,"column":36}},"2":{"start":{"line":19,"column":8},"end":{"line":19,"column":34}},"3":{"start":{"line":23,"column":8},"end":{"line":23,"column":36}},"4":{"start":{"line":27,"column":8},"end":{"line":27,"column":34}}},"branchMap":{}},"contracts/gelatofied.sol":{"l":{"22":0,"26":0,"27":0,"28":0},"path":"/Users/ae0h/ae0hPro/encode_mev_hack/contracts/gelatofied.sol","s":{"1":0,"2":0,"3":0,"4":0,"5":0},"b":{"1":[0,0],"2":[0,0]},"f":{"1":0,"2":0},"fnMap":{"1":{"name":"constructor","line":21,"loc":{"start":{"line":21,"column":4},"end":{"line":23,"column":4}}},"2":{"name":"gelatofy","line":25,"loc":{"start":{"line":25,"column":4},"end":{"line":30,"column":4}}}},"statementMap":{"1":{"start":{"line":22,"column":8},"end":{"line":22,"column":23}},"2":{"start":{"line":26,"column":8},"end":{"line":26,"column":63}},"3":{"start":{"line":28,"column":8},"end":{"line":28,"column":968}},"4":{"start":{"line":28,"column":35},"end":{"line":28,"column":59}},"5":{"start":{"line":29,"column":13},"end":{"line":29,"column":63}}},"branchMap":{"1":{"line":26,"type":"if","locations":[{"start":{"line":26,"column":8},"end":{"line":26,"column":8}},{"start":{"line":26,"column":8},"end":{"line":26,"column":8}}]},"2":{"line":28,"type":"if","locations":[{"start":{"line":28,"column":8},"end":{"line":28,"column":8}},{"start":{"line":28,"column":8},"end":{"line":28,"column":8}}]}}},"contracts/HarvestTask.sol":{"l":{"15":0,"17":0,"21":0},"path":"/Users/ae0h/ae0hPro/encode_mev_hack/contracts/HarvestTask.sol","s":{"1":0,"2":0,"3":0},"b":{"1":[0,0]},"f":{"1":0,"2":0,"3":0},"fnMap":{"1":{"name":"constructor","line":11,"loc":{"start":{"line":11,"column":4},"end":{"line":11,"column":56}}},"2":{"name":"depositYeildToVaultContract","line":14,"loc":{"start":{"line":14,"column":4},"end":{"line":18,"column":4}}},"3":{"name":"setExecutable","line":20,"loc":{"start":{"line":20,"column":4},"end":{"line":22,"column":4}}}},"statementMap":{"1":{"start":{"line":15,"column":8},"end":{"line":15,"column":87}},"2":{"start":{"line":17,"column":8},"end":{"line":17,"column":22}},"3":{"start":{"line":21,"column":8},"end":{"line":21,"column":31}}},"branchMap":{"1":{"line":15,"type":"if","locations":[{"start":{"line":15,"column":8},"end":{"line":15,"column":8}},{"start":{"line":15,"column":8},"end":{"line":15,"column":8}}]}}},"contracts/IBeacon.sol":{"l":{},"path":"/Users/ae0h/ae0hPro/encode_mev_hack/contracts/IBeacon.sol","s":{},"b":{},"f":{},"fnMap":{},"statementMap":{},"branchMap":{}},"contracts/Ownable.sol":{"l":{"30":0,"37":0,"38":0,"45":0,"52":0,"63":0,"71":0,"75":0,"83":0,"84":0,"85":0},"path":"/Users/ae0h/ae0hPro/encode_mev_hack/contracts/Ownable.sol","s":{"1":0,"2":0,"3":0,"4":0,"5":0,"6":0,"7":0,"8":0,"9":0,"10":0},"b":{"1":[0,0],"2":[0,0]},"f":{"1":0,"2":0,"3":0,"4":0,"5":0,"6":0,"7":0},"fnMap":{"1":{"name":"constructor","line":29,"loc":{"start":{"line":29,"column":4},"end":{"line":31,"column":4}}},"2":{"name":"onlyOwner","line":36,"loc":{"start":{"line":36,"column":4},"end":{"line":39,"column":4}}},"3":{"name":"owner","line":44,"loc":{"start":{"line":44,"column":4},"end":{"line":46,"column":4}}},"4":{"name":"_checkOwner","line":51,"loc":{"start":{"line":51,"column":4},"end":{"line":53,"column":4}}},"5":{"name":"renounceOwnership","line":62,"loc":{"start":{"line":62,"column":4},"end":{"line":64,"column":4}}},"6":{"name":"transferOwnership","line":70,"loc":{"start":{"line":70,"column":4},"end":{"line":76,"column":4}}},"7":{"name":"_transferOwnership","line":82,"loc":{"start":{"line":82,"column":4},"end":{"line":86,"column":4}}}},"statementMap":{"1":{"start":{"line":30,"column":8},"end":{"line":30,"column":37}},"2":{"start":{"line":37,"column":8},"end":{"line":37,"column":20}},"3":{"start":{"line":45,"column":8},"end":{"line":45,"column":21}},"4":{"start":{"line":52,"column":8},"end":{"line":52,"column":73}},"5":{"start":{"line":63,"column":8},"end":{"line":63,"column":37}},"6":{"start":{"line":71,"column":8},"end":{"line":71,"column":2145}},"7":{"start":{"line":75,"column":8},"end":{"line":75,"column":35}},"8":{"start":{"line":83,"column":8},"end":{"line":83,"column":33}},"9":{"start":{"line":84,"column":8},"end":{"line":84,"column":24}},"10":{"start":{"line":85,"column":8},"end":{"line":85,"column":53}}},"branchMap":{"1":{"line":52,"type":"if","locations":[{"start":{"line":52,"column":8},"end":{"line":52,"column":8}},{"start":{"line":52,"column":8},"end":{"line":52,"column":8}}]},"2":{"line":71,"type":"if","locations":[{"start":{"line":71,"column":8},"end":{"line":71,"column":8}},{"start":{"line":71,"column":8},"end":{"line":71,"column":8}}]}}},"contracts/Proxy.sol":{"l":{"23":0,"66":0,"67":0,"75":0,"83":0},"path":"/Users/ae0h/ae0hPro/encode_mev_hack/contracts/Proxy.sol","s":{"1":0,"2":0,"3":0},"b":{},"f":{"1":0,"2":0,"3":0,"4":0},"fnMap":{"1":{"name":"_delegate","line":22,"loc":{"start":{"line":22,"column":4},"end":{"line":52,"column":4}}},"2":{"name":"_fallback","line":65,"loc":{"start":{"line":65,"column":4},"end":{"line":68,"column":4}}},"3":{"name":null,"line":74,"loc":{"start":{"line":74,"column":4},"end":{"line":76,"column":4}}},"4":{"name":"_beforeFallback","line":92,"loc":{"start":{"line":92,"column":4},"end":{"line":92,"column":49}}}},"statementMap":{"1":{"start":{"line":66,"column":8},"end":{"line":66,"column":24}},"2":{"start":{"line":67,"column":8},"end":{"line":67,"column":35}},"3":{"start":{"line":75,"column":8},"end":{"line":75,"column":18}}},"branchMap":{}},"contracts/SafeTransferLib.sol":{"l":{"16":0,"18":0,"23":0,"36":0,"38":0,"66":0,"74":0,"76":0,"103":0,"111":0,"113":0,"140":0},"path":"/Users/ae0h/ae0hPro/encode_mev_hack/contracts/SafeTransferLib.sol","s":{"1":0,"2":0,"3":0,"4":0,"5":0,"6":0,"7":0,"8":0},"b":{"1":[0,0],"2":[0,0],"3":[0,0],"4":[0,0]},"f":{"1":0,"2":0,"3":0,"4":0},"fnMap":{"1":{"name":"safeTransferETH","line":15,"loc":{"start":{"line":15,"column":4},"end":{"line":24,"column":4}}},"2":{"name":"safeTransferFrom","line":30,"loc":{"start":{"line":30,"column":4},"end":{"line":67,"column":4}}},"3":{"name":"safeTransfer","line":69,"loc":{"start":{"line":69,"column":4},"end":{"line":104,"column":4}}},"4":{"name":"safeApprove","line":106,"loc":{"start":{"line":106,"column":4},"end":{"line":141,"column":4}}}},"statementMap":{"1":{"start":{"line":16,"column":8},"end":{"line":16,"column":20}},"2":{"start":{"line":23,"column":8},"end":{"line":23,"column":46}},"3":{"start":{"line":36,"column":8},"end":{"line":36,"column":20}},"4":{"start":{"line":66,"column":8},"end":{"line":66,"column":47}},"5":{"start":{"line":74,"column":8},"end":{"line":74,"column":20}},"6":{"start":{"line":103,"column":8},"end":{"line":103,"column":42}},"7":{"start":{"line":111,"column":8},"end":{"line":111,"column":20}},"8":{"start":{"line":140,"column":8},"end":{"line":140,"column":41}}},"branchMap":{"1":{"line":23,"type":"if","locations":[{"start":{"line":23,"column":8},"end":{"line":23,"column":8}},{"start":{"line":23,"column":8},"end":{"line":23,"column":8}}]},"2":{"line":66,"type":"if","locations":[{"start":{"line":66,"column":8},"end":{"line":66,"column":8}},{"start":{"line":66,"column":8},"end":{"line":66,"column":8}}]},"3":{"line":103,"type":"if","locations":[{"start":{"line":103,"column":8},"end":{"line":103,"column":8}},{"start":{"line":103,"column":8},"end":{"line":103,"column":8}}]},"4":{"line":140,"type":"if","locations":[{"start":{"line":140,"column":8},"end":{"line":140,"column":8}},{"start":{"line":140,"column":8},"end":{"line":140,"column":8}}]}}},"contracts/SquiddyCore.sol":{"l":{"59":0,"60":0,"64":0,"68":0,"74":3,"84":0,"85":0,"86":0,"91":0,"93":0,"100":0,"108":0,"109":0,"117":0,"121":0,"122":0,"135":0,"138":0,"140":0,"147":0,"150":0,"167":0,"170":0,"172":0,"190":0,"196":0,"198":0,"213":0,"214":0,"215":0,"216":0,"224":0,"227":0,"228":0,"229":0,"236":0,"240":0,"244":0,"262":0,"265":0,"268":0,"270":0,"272":0,"273":0,"274":0,"276":0,"283":0},"path":"/Users/ae0h/ae0hPro/encode_mev_hack/contracts/SquiddyCore.sol","s":{"1":0,"2":0,"3":3,"4":0,"5":0,"6":0,"7":0,"8":0,"9":0,"10":0,"11":0,"12":0,"13":0,"14":0,"15":0,"16":0,"17":0,"18":0,"19":0,"20":0,"21":0,"22":0,"23":0,"24":0,"25":0,"26":0,"27":0,"28":0,"29":0,"30":0,"31":0,"32":0,"33":0,"34":0,"35":0,"36":0,"37":0,"38":0,"39":0,"40":0,"41":0,"42":0,"43":0},"b":{"1":[0,0],"2":[0,0],"3":[0,0],"4":[0,0],"5":[0,0],"6":[0,0],"7":[0,0],"8":[0,0],"9":[0,0],"10":[0,0]},"f":{"1":0,"2":0,"3":3,"4":0,"5":0,"6":0,"7":0,"8":0,"9":0,"10":0,"11":0,"12":0,"13":0,"14":0,"15":0,"16":0,"17":0,"18":0},"fnMap":{"1":{"name":"onlyManager","line":58,"loc":{"start":{"line":58,"column":4},"end":{"line":61,"column":4}}},"2":{"name":"onlyVaultFactory","line":63,"loc":{"start":{"line":63,"column":4},"end":{"line":69,"column":4}}},"3":{"name":"constructor","line":73,"loc":{"start":{"line":73,"column":4},"end":{"line":75,"column":4}}},"4":{"name":"initializeBeaconProxy","line":77,"loc":{"start":{"line":77,"column":4},"end":{"line":94,"column":4}}},"5":{"name":"manager","line":99,"loc":{"start":{"line":99,"column":4},"end":{"line":101,"column":4}}},"6":{"name":"renounceOwnership","line":107,"loc":{"start":{"line":107,"column":4},"end":{"line":110,"column":4}}},"7":{"name":"transferOwnership","line":116,"loc":{"start":{"line":116,"column":4},"end":{"line":123,"column":4}}},"8":{"name":"setFeePercent","line":133,"loc":{"start":{"line":133,"column":4},"end":{"line":141,"column":4}}},"9":{"name":"claimFees","line":146,"loc":{"start":{"line":146,"column":4},"end":{"line":151,"column":4}}},"10":{"name":"setTargetFloatPercent","line":164,"loc":{"start":{"line":162,"column":4},"end":{"line":173,"column":4}}},"11":{"name":"setUnderlyingIsWETH","line":187,"loc":{"start":{"line":185,"column":4},"end":{"line":199,"column":4}}},"12":{"name":"strategyACall","line":208,"loc":{"start":{"line":208,"column":4},"end":{"line":217,"column":4}}},"13":{"name":"strategyBCall","line":219,"loc":{"start":{"line":219,"column":4},"end":{"line":230,"column":4}}},"14":{"name":"totalAssets","line":235,"loc":{"start":{"line":235,"column":4},"end":{"line":237,"column":4}}},"15":{"name":"beforeWithdraw","line":239,"loc":{"start":{"line":239,"column":4},"end":{"line":241,"column":4}}},"16":{"name":"afterDeposit","line":243,"loc":{"start":{"line":243,"column":4},"end":{"line":245,"column":4}}},"17":{"name":"initialize","line":259,"loc":{"start":{"line":257,"column":4},"end":{"line":278,"column":4}}},"18":{"name":"destroy","line":282,"loc":{"start":{"line":282,"column":4},"end":{"line":284,"column":4}}}},"statementMap":{"1":{"start":{"line":59,"column":8},"end":{"line":59,"column":77}},"2":{"start":{"line":64,"column":8},"end":{"line":64,"column":1984}},"3":{"start":{"line":74,"column":8},"end":{"line":74,"column":49}},"4":{"start":{"line":84,"column":8},"end":{"line":84,"column":38}},"5":{"start":{"line":85,"column":8},"end":{"line":85,"column":33}},"6":{"start":{"line":86,"column":8},"end":{"line":86,"column":31}},"7":{"start":{"line":91,"column":8},"end":{"line":91,"column":38}},"8":{"start":{"line":93,"column":8},"end":{"line":93,"column":64}},"9":{"start":{"line":100,"column":8},"end":{"line":100,"column":23}},"10":{"start":{"line":108,"column":8},"end":{"line":108,"column":55}},"11":{"start":{"line":109,"column":8},"end":{"line":109,"column":28}},"12":{"start":{"line":117,"column":8},"end":{"line":117,"column":3650}},"13":{"start":{"line":121,"column":8},"end":{"line":121,"column":53}},"14":{"start":{"line":122,"column":8},"end":{"line":122,"column":26}},"15":{"start":{"line":135,"column":8},"end":{"line":135,"column":53}},"16":{"start":{"line":138,"column":8},"end":{"line":138,"column":33}},"17":{"start":{"line":140,"column":8},"end":{"line":140,"column":57}},"18":{"start":{"line":147,"column":8},"end":{"line":147,"column":51}},"19":{"start":{"line":150,"column":8},"end":{"line":150,"column":54}},"20":{"start":{"line":167,"column":8},"end":{"line":167,"column":64}},"21":{"start":{"line":170,"column":8},"end":{"line":170,"column":49}},"22":{"start":{"line":172,"column":8},"end":{"line":172,"column":73}},"23":{"start":{"line":190,"column":8},"end":{"line":190,"column":6832}},"24":{"start":{"line":196,"column":8},"end":{"line":196,"column":45}},"25":{"start":{"line":198,"column":8},"end":{"line":198,"column":69}},"26":{"start":{"line":213,"column":8},"end":{"line":213,"column":77}},"27":{"start":{"line":214,"column":8},"end":{"line":214,"column":44}},"28":{"start":{"line":215,"column":8},"end":{"line":215,"column":69}},"29":{"start":{"line":216,"column":8},"end":{"line":216,"column":39}},"30":{"start":{"line":224,"column":8},"end":{"line":224,"column":8121}},"31":{"start":{"line":227,"column":8},"end":{"line":227,"column":44}},"32":{"start":{"line":228,"column":8},"end":{"line":228,"column":79}},"33":{"start":{"line":229,"column":8},"end":{"line":229,"column":39}},"34":{"start":{"line":236,"column":8},"end":{"line":236,"column":45}},"35":{"start":{"line":262,"column":8},"end":{"line":262,"column":53}},"36":{"start":{"line":265,"column":8},"end":{"line":265,"column":27}},"37":{"start":{"line":268,"column":8},"end":{"line":268,"column":22}},"38":{"start":{"line":270,"column":8},"end":{"line":270,"column":50}},"39":{"start":{"line":272,"column":8},"end":{"line":272,"column":36}},"40":{"start":{"line":273,"column":8},"end":{"line":273,"column":9892}},"41":{"start":{"line":274,"column":12},"end":{"line":274,"column":34}},"42":{"start":{"line":276,"column":12},"end":{"line":276,"column":35}},"43":{"start":{"line":283,"column":8},"end":{"line":283,"column":40}}},"branchMap":{"1":{"line":59,"type":"if","locations":[{"start":{"line":59,"column":8},"end":{"line":59,"column":8}},{"start":{"line":59,"column":8},"end":{"line":59,"column":8}}]},"2":{"line":64,"type":"if","locations":[{"start":{"line":64,"column":8},"end":{"line":64,"column":8}},{"start":{"line":64,"column":8},"end":{"line":64,"column":8}}]},"3":{"line":117,"type":"if","locations":[{"start":{"line":117,"column":8},"end":{"line":117,"column":8}},{"start":{"line":117,"column":8},"end":{"line":117,"column":8}}]},"4":{"line":135,"type":"if","locations":[{"start":{"line":135,"column":8},"end":{"line":135,"column":8}},{"start":{"line":135,"column":8},"end":{"line":135,"column":8}}]},"5":{"line":167,"type":"if","locations":[{"start":{"line":167,"column":8},"end":{"line":167,"column":8}},{"start":{"line":167,"column":8},"end":{"line":167,"column":8}}]},"6":{"line":190,"type":"if","locations":[{"start":{"line":190,"column":8},"end":{"line":190,"column":8}},{"start":{"line":190,"column":8},"end":{"line":190,"column":8}}]},"7":{"line":214,"type":"if","locations":[{"start":{"line":214,"column":8},"end":{"line":214,"column":8}},{"start":{"line":214,"column":8},"end":{"line":214,"column":8}}]},"8":{"line":227,"type":"if","locations":[{"start":{"line":227,"column":8},"end":{"line":227,"column":8}},{"start":{"line":227,"column":8},"end":{"line":227,"column":8}}]},"9":{"line":262,"type":"if","locations":[{"start":{"line":262,"column":8},"end":{"line":262,"column":8}},{"start":{"line":262,"column":8},"end":{"line":262,"column":8}}]},"10":{"line":273,"type":"if","locations":[{"start":{"line":273,"column":8},"end":{"line":273,"column":8}},{"start":{"line":273,"column":8},"end":{"line":273,"column":8}}]}}},"contracts/SquiddyOps.sol":{"l":{"16":0,"21":0,"22":0,"26":0,"27":0,"28":0,"30":0},"path":"/Users/ae0h/ae0hPro/encode_mev_hack/contracts/SquiddyOps.sol","s":{"1":0,"2":0,"3":0,"4":0,"5":0,"6":0},"b":{"1":[0,0],"2":[0,0],"3":[0,0]},"f":{"1":0,"2":0,"3":0},"fnMap":{"1":{"name":"constructor","line":15,"loc":{"start":{"line":15,"column":4},"end":{"line":18,"column":4}}},"2":{"name":"onlyOps","line":20,"loc":{"start":{"line":20,"column":4},"end":{"line":23,"column":4}}},"3":{"name":"_transfer","line":25,"loc":{"start":{"line":25,"column":4},"end":{"line":32,"column":4}}}},"statementMap":{"1":{"start":{"line":16,"column":8},"end":{"line":16,"column":17}},"2":{"start":{"line":21,"column":8},"end":{"line":21,"column":54}},"3":{"start":{"line":26,"column":8},"end":{"line":26,"column":671}},"4":{"start":{"line":27,"column":12},"end":{"line":27,"column":62}},"5":{"start":{"line":28,"column":12},"end":{"line":28,"column":61}},"6":{"start":{"line":30,"column":12},"end":{"line":30,"column":73}}},"branchMap":{"1":{"line":21,"type":"if","locations":[{"start":{"line":21,"column":8},"end":{"line":21,"column":8}},{"start":{"line":21,"column":8},"end":{"line":21,"column":8}}]},"2":{"line":26,"type":"if","locations":[{"start":{"line":26,"column":8},"end":{"line":26,"column":8}},{"start":{"line":26,"column":8},"end":{"line":26,"column":8}}]},"3":{"line":28,"type":"if","locations":[{"start":{"line":28,"column":12},"end":{"line":28,"column":12}},{"start":{"line":28,"column":12},"end":{"line":28,"column":12}}]}}},"contracts/StorageSlot.sol":{"l":{"58":0,"72":0,"86":0,"100":0},"path":"/Users/ae0h/ae0hPro/encode_mev_hack/contracts/StorageSlot.sol","s":{},"b":{},"f":{"1":0,"2":0,"3":0,"4":0},"fnMap":{"1":{"name":"getAddressSlot","line":52,"loc":{"start":{"line":52,"column":4},"end":{"line":61,"column":4}}},"2":{"name":"getBooleanSlot","line":66,"loc":{"start":{"line":66,"column":4},"end":{"line":75,"column":4}}},"3":{"name":"getBytes32Slot","line":80,"loc":{"start":{"line":80,"column":4},"end":{"line":89,"column":4}}},"4":{"name":"getUint256Slot","line":94,"loc":{"start":{"line":94,"column":4},"end":{"line":103,"column":4}}}},"statementMap":{},"branchMap":{}},"contracts/UpgradeableBeacon.sol":{"l":{"29":0,"36":0,"50":0,"51":0,"62":0,"66":0},"path":"/Users/ae0h/ae0hPro/encode_mev_hack/contracts/UpgradeableBeacon.sol","s":{"1":0,"2":0,"3":0,"4":0,"5":0,"6":0},"b":{"1":[0,0]},"f":{"1":0,"2":0,"3":0,"4":0},"fnMap":{"1":{"name":"constructor","line":28,"loc":{"start":{"line":28,"column":4},"end":{"line":30,"column":4}}},"2":{"name":"implementation","line":35,"loc":{"start":{"line":35,"column":4},"end":{"line":37,"column":4}}},"3":{"name":"upgradeTo","line":49,"loc":{"start":{"line":49,"column":4},"end":{"line":52,"column":4}}},"4":{"name":"_setImplementation","line":61,"loc":{"start":{"line":61,"column":4},"end":{"line":67,"column":4}}}},"statementMap":{"1":{"start":{"line":29,"column":8},"end":{"line":29,"column":42}},"2":{"start":{"line":36,"column":8},"end":{"line":36,"column":30}},"3":{"start":{"line":50,"column":8},"end":{"line":50,"column":44}},"4":{"start":{"line":51,"column":8},"end":{"line":51,"column":40}},"5":{"start":{"line":62,"column":8},"end":{"line":62,"column":1872}},"6":{"start":{"line":66,"column":8},"end":{"line":66,"column":42}}},"branchMap":{"1":{"line":62,"type":"if","locations":[{"start":{"line":62,"column":8},"end":{"line":62,"column":8}},{"start":{"line":62,"column":8},"end":{"line":62,"column":8}}]}}},"contracts/VaultFactory.sol":{"l":{"45":0,"46":0,"47":0,"58":0,"59":0,"61":0,"73":0,"83":0,"84":0,"85":0,"86":0,"96":0,"107":0,"111":0,"115":0,"116":0,"117":0,"119":0,"121":0,"122":0,"125":0,"126":0,"127":0,"128":0,"129":0,"132":0,"133":0,"136":0,"140":0,"144":0,"145":0,"149":0,"153":0,"154":0},"path":"/Users/ae0h/ae0hPro/encode_mev_hack/contracts/VaultFactory.sol","s":{"1":0,"2":0,"3":0,"4":0,"5":0,"6":0,"7":0,"8":0,"9":0,"10":0,"11":0,"12":0,"13":0,"14":0,"15":0,"16":0,"17":0,"18":0,"19":0,"20":0,"21":0,"22":0,"23":0,"24":0,"25":0,"26":0,"27":0,"28":0,"29":0,"30":0,"31":0,"32":0,"33":0,"34":0},"b":{"1":[0,0],"2":[0,0],"3":[0,0],"4":[0,0],"5":[0,0]},"f":{"1":0,"2":0,"3":0,"4":0,"5":0,"6":0},"fnMap":{"1":{"name":"constructor","line":44,"loc":{"start":{"line":44,"column":4},"end":{"line":48,"column":4}}},"2":{"name":"buildVault","line":50,"loc":{"start":{"line":50,"column":4},"end":{"line":104,"column":4}}},"3":{"name":"getBeacon","line":106,"loc":{"start":{"line":106,"column":4},"end":{"line":108,"column":4}}},"4":{"name":"getImplementation","line":110,"loc":{"start":{"line":110,"column":4},"end":{"line":112,"column":4}}},"5":{"name":"fetchAllVaults","line":114,"loc":{"start":{"line":114,"column":4},"end":{"line":137,"column":4}}},"6":{"name":"removeVaultContractFromFrontend","line":139,"loc":{"start":{"line":139,"column":4},"end":{"line":155,"column":4}}}},"statementMap":{"1":{"start":{"line":45,"column":8},"end":{"line":45,"column":51}},"2":{"start":{"line":46,"column":8},"end":{"line":46,"column":49}},"3":{"start":{"line":47,"column":8},"end":{"line":47,"column":42}},"4":{"start":{"line":58,"column":8},"end":{"line":58,"column":26}},"5":{"start":{"line":59,"column":8},"end":{"line":59,"column":44}},"6":{"start":{"line":61,"column":8},"end":{"line":61,"column":1856}},"7":{"start":{"line":73,"column":8},"end":{"line":73,"column":2226}},"8":{"start":{"line":83,"column":8},"end":{"line":83,"column":57}},"9":{"start":{"line":84,"column":8},"end":{"line":84,"column":73}},"10":{"start":{"line":85,"column":8},"end":{"line":85,"column":43}},"11":{"start":{"line":86,"column":8},"end":{"line":86,"column":2617}},"12":{"start":{"line":96,"column":8},"end":{"line":96,"column":2863}},"13":{"start":{"line":107,"column":8},"end":{"line":107,"column":41}},"14":{"start":{"line":111,"column":8},"end":{"line":111,"column":49}},"15":{"start":{"line":115,"column":8},"end":{"line":115,"column":46}},"16":{"start":{"line":116,"column":8},"end":{"line":116,"column":79}},"17":{"start":{"line":117,"column":8},"end":{"line":117,"column":32}},"18":{"start":{"line":119,"column":8},"end":{"line":119,"column":76}},"19":{"start":{"line":121,"column":8},"end":{"line":121,"column":3600}},"20":{"start":{"line":122,"column":12},"end":{"line":122,"column":25}},"21":{"start":{"line":125,"column":8},"end":{"line":125,"column":3669}},"22":{"start":{"line":126,"column":12},"end":{"line":126,"column":52}},"23":{"start":{"line":127,"column":12},"end":{"line":127,"column":3782}},"24":{"start":{"line":128,"column":16},"end":{"line":128,"column":41}},"25":{"start":{"line":129,"column":16},"end":{"line":129,"column":3868}},"26":{"start":{"line":132,"column":16},"end":{"line":132,"column":49}},"27":{"start":{"line":133,"column":16},"end":{"line":133,"column":32}},"28":{"start":{"line":136,"column":8},"end":{"line":136,"column":21}},"29":{"start":{"line":140,"column":8},"end":{"line":140,"column":4184}},"30":{"start":{"line":144,"column":8},"end":{"line":144,"column":46}},"31":{"start":{"line":145,"column":8},"end":{"line":145,"column":4377}},"32":{"start":{"line":149,"column":8},"end":{"line":149,"column":4502}},"33":{"start":{"line":153,"column":8},"end":{"line":153,"column":32}},"34":{"start":{"line":154,"column":8},"end":{"line":154,"column":41}}},"branchMap":{"1":{"line":121,"type":"if","locations":[{"start":{"line":121,"column":8},"end":{"line":121,"column":8}},{"start":{"line":121,"column":8},"end":{"line":121,"column":8}}]},"2":{"line":127,"type":"if","locations":[{"start":{"line":127,"column":12},"end":{"line":127,"column":12}},{"start":{"line":127,"column":12},"end":{"line":127,"column":12}}]},"3":{"line":140,"type":"if","locations":[{"start":{"line":140,"column":8},"end":{"line":140,"column":8}},{"start":{"line":140,"column":8},"end":{"line":140,"column":8}}]},"4":{"line":145,"type":"if","locations":[{"start":{"line":145,"column":8},"end":{"line":145,"column":8}},{"start":{"line":145,"column":8},"end":{"line":145,"column":8}}]},"5":{"line":149,"type":"if","locations":[{"start":{"line":149,"column":8},"end":{"line":149,"column":8}},{"start":{"line":149,"column":8},"end":{"line":149,"column":8}}]}}}}